
27-01-2015 03:02:43 - /index.php?id=contact => http://gard/index.php?id=contact
27-01-2015 03:02:51 - /index.php => http://gard/index.php?id=contact
27-01-2015 03:03:29 - /index.php => http://gard/index.php?id=contact
27-01-2015 03:04:17 - /index.php => http://gard/eshop/catalog.php
27-01-2015 03:04:20 - /index.php?id=about => http://gard/index.php
27-01-2015 03:04:22 - /index.php?id=contact => http://gard/index.php?id=about
27-01-2015 03:06:04 - /index.php => http://gard/test/index.php
27-01-2015 03:06:28 - /index.php => http://gard/test/index.php
27-01-2015 03:08:09 - /index.php => http://gard/test/index.php
27-01-2015 03:08:53 - /index.php => http://gard/test/index.php
27-01-2015 03:14:09 - /index.php => http://gard/eshop/orderform.php
27-01-2015 03:14:32 - /index.php => http://gard/eshop/orderform.php
27-01-2015 03:40:50 - /index.php => http://gard/eshop/orderform.php
27-01-2015 03:41:12 - /index.php => http://gard/eshop/orderform.php
27-01-2015 03:41:25 - /index.php => http://gard/eshop/orderform.php
27-01-2015 03:41:33 - /index.php => http://gard/index.php
27-01-2015 03:41:54 - /index.php => http://gard/index.php
27-01-2015 03:43:01 - /index.php => http://gard/index.php
27-01-2015 03:43:43 - /index.php => http://gard/index.php
27-01-2015 03:43:50 - /index.php => http://gard/index.php
27-01-2015 03:44:33 - /index.php?id=log => http://gard/index.php
27-01-2015 03:44:49 - /index.php => http://gard/index.php?id=log
27-01-2015 03:45:25 - /index.php => http://gard/index.php?id=log
27-01-2015 03:45:48 - /index.php => http://gard/index.php?id=log
27-01-2015 03:45:55 - /index.php => http://gard/index.php?id=log
27-01-2015 03:46:08 - /index.php => http://gard/index.php?id=log
27-01-2015 03:46:20 - /index.php => http://gard/index.php?id=log
27-01-2015 03:46:33 - /index.php => http://gard/index.php?id=log
27-01-2015 03:46:59 - /index.php => http://gard/index.php?id=log
27-01-2015 03:47:24 - /index.php => http://gard/index.php?id=log
27-01-2015 03:47:37 - /index.php => http://gard/index.php?id=log
27-01-2015 03:47:55 - /index.php => http://gard/index.php?id=log
27-01-2015 03:48:06 - /index.php => http://gard/index.php?id=log
27-01-2015 03:48:15 - /index.php => http://gard/index.php?id=log
27-01-2015 03:48:24 - /index.php => http://gard/index.php?id=log
27-01-2015 03:51:26 - /index.php => http://gard/index.php?id=log
27-01-2015 03:51:53 - /index.php => http://gard/index.php?id=log
27-01-2015 03:52:06 - /index.php => http://gard/index.php?id=log
27-01-2015 03:53:17 - /index.php => http://gard/index.php?id=log
27-01-2015 03:53:20 - /index.php?id=info => http://gard/index.php
27-01-2015 03:53:32 - /index.php => http://gard/test/index.php
27-01-2015 03:53:37 - /index.php?id=contact => http://gard/index.php
27-01-2015 03:54:07 - /index.php?id=contact => http://gard/index.php
27-01-2015 03:54:11 - /index.php?id=about => http://gard/index.php?id=contact
27-01-2015 03:54:12 - /index.php => http://gard/index.php?id=about
27-01-2015 03:54:28 - /index.php?id=about => http://gard/index.php
27-01-2015 03:54:43 - /index.php => http://gard/index.php?id=about
27-01-2015 04:00:07 - /index.php => http://gard/index.php?id=about
27-01-2015 04:00:33 - /index.php => http://gard/index.php?id=about
27-01-2015 04:01:14 - /index.php => http://gard/index.php?id=about
27-01-2015 04:01:21 - /index.php?id=info => http://gard/index.php
27-01-2015 04:01:54 - /index.php?id=info => http://gard/index.php
27-01-2015 04:02:37 - /index.php?id=about => http://gard/index.php?id=info
27-01-2015 04:05:35 - /index.php?id=about => http://gard/index.php?id=info
27-01-2015 04:06:21 - /index.php?id=about => 
27-01-2015 04:06:28 - /index.php => http://gard/index.php?id=about
27-01-2015 04:07:07 - /index.php => http://gard/index.php?id=about
27-01-2015 04:07:12 - /index.php?id=info => http://gard/index.php
27-01-2015 04:07:53 - /index.php?id=info => http://gard/index.php
27-01-2015 04:07:53 - /index.php => http://gard/index.php?id=info
27-01-2015 04:08:09 - /index.php => http://gard/index.php?id=info
27-01-2015 04:08:21 - /index.php => http://gard/index.php?id=info
27-01-2015 04:09:17 - /index.php => http://gard/index.php?id=info
27-01-2015 04:09:36 - /index.php => http://gard/index.php
27-01-2015 04:09:39 - /index.php?id=info => http://gard/index.php
27-01-2015 04:09:54 - /index.php => http://gard/test/index.php
27-01-2015 04:10:22 - /index.php => http://gard/test/index.php
27-01-2015 04:10:34 - /index.php => http://gard/test/index.php
27-01-2015 04:10:43 - /index.php?id=contact => http://gard/index.php
27-01-2015 04:12:42 - /index.php?id=contact => http://gard/index.php
27-01-2015 04:13:01 - /index.php?id=contact => http://gard/index.php
27-01-2015 04:13:37 - /index.php?id=contact => http://gard/index.php
27-01-2015 04:17:34 - /index.php?id=contact => http://gard/index.php
27-01-2015 04:18:43 - /index.php?id=contact => http://gard/index.php
27-01-2015 04:19:47 - /index.php => http://gard/index.php?id=contact
27-01-2015 04:23:41 - /index.php?id=info => http://gard/index.php
27-01-2015 04:41:47 - /index.php?id=info => http://gard/index.php
27-01-2015 04:45:07 - /index.php?id=info => http://gard/index.php
27-01-2015 04:53:36 - /index.php?id=info => http://gard/index.php
27-01-2015 04:54:07 - /index.php?id=info => http://gard/index.php
27-01-2015 04:54:14 - /index.php => http://gard/test/index.php
27-01-2015 04:59:55 - /index.php => http://gard/eshop/catalog.php
27-01-2015 05:00:01 - /index.php?id=log => http://gard/index.php
27-01-2015 05:00:04 - /index.php?id=about => http://gard/index.php?id=log
27-01-2015 05:00:24 - /index.php?id=contact => http://gard/index.php?id=about
27-01-2015 05:04:02 - /index.php?id=about => http://gard/index.php?id=contact
27-01-2015 05:04:53 - /index.php?id=about => http://gard/index.php?id=contact
27-01-2015 05:05:00 - /index.php?id=contact => http://gard/index.php?id=about
27-01-2015 05:25:48 - /index.php?id=contact => http://gard/index.php?id=about
27-01-2015 05:25:50 - /index.php?id=about => http://gard/index.php?id=contact
27-01-2015 05:25:51 - /index.php?id=contact => http://gard/index.php?id=about
27-01-2015 05:26:15 - /index.php?id=contact => 
27-01-2015 05:26:37 - /index.php?id=contact => 
27-01-2015 05:26:44 - /index.php?id=info => http://gard/index.php?id=contact
27-01-2015 05:26:48 - /index.php => http://gard/eshop/catalog.php
27-01-2015 05:26:59 - /index.php => http://gard/eshop/catalog.php
27-01-2015 05:27:10 - /index.php?id=info => http://gard/index.php
27-01-2015 05:27:13 - /index.php => http://gard/index.php?id=info
27-01-2015 05:28:14 - /index.php => http://gard/index.php?id=info
27-01-2015 05:28:39 - /index.php => http://gard/index.php?id=info
27-01-2015 05:28:55 - /index.php => http://gard/index.php?id=info
27-01-2015 05:29:11 - /index.php => http://gard/index.php?id=info
27-01-2015 05:29:20 - /index.php => http://gard/index.php?id=info
27-01-2015 05:29:54 - /index.php => http://gard/index.php?id=info
27-01-2015 05:29:55 - /index.php?id=info => http://gard/index.php
27-01-2015 05:30:07 - /index.php => http://gard/eshop/catalog.php
27-01-2015 05:30:10 - /index.php?id=about => http://gard/index.php
27-01-2015 05:30:23 - /index.php?id=info => http://gard/index.php?id=about
27-01-2015 05:30:32 - /index.php?id=info => http://gard/index.php?id=about
27-01-2015 05:31:08 - /index.php?id=info => http://gard/index.php?id=about
27-01-2015 05:31:11 - /index.php => http://gard/index.php?id=info
27-01-2015 05:31:14 - /index.php?id=about => http://gard/index.php
27-01-2015 05:31:22 - /index.php?id=info => http://gard/index.php?id=about
27-01-2015 05:31:26 - /index.php => http://gard/index.php?id=info
27-01-2015 05:31:38 - /index.php => http://gard/index.php?id=info
27-01-2015 05:31:41 - /index.php?id=about => http://gard/index.php
27-01-2015 05:31:43 - /index.php?id=info => http://gard/index.php?id=about
27-01-2015 05:33:23 - /index.php?id=info => http://gard/index.php?id=about
27-01-2015 05:34:03 - /index.php?id=info => http://gard/index.php?id=about
27-01-2015 05:34:19 - /index.php?id=info => http://gard/index.php?id=about
27-01-2015 05:34:27 - /index.php?id=info => http://gard/index.php?id=about
27-01-2015 05:34:55 - /index.php?id=info => http://gard/index.php?id=about
27-01-2015 05:35:13 - /index.php?id=info => http://gard/index.php?id=about
27-01-2015 05:35:30 - /index.php?id=info => http://gard/index.php?id=about
27-01-2015 05:35:37 - /index.php?id=info => http://gard/index.php?id=about
27-01-2015 05:35:43 - /index.php => http://gard/index.php?id=info
27-01-2015 05:35:52 - /index.php?id=about => http://gard/index.php
27-01-2015 05:35:54 - /index.php?id=contact => http://gard/index.php?id=about
27-01-2015 05:54:02 - / => http://gard/eshop/admin/eshop/catalog.php
27-01-2015 05:54:06 - /index.php?id=info => http://gard/
27-01-2015 05:58:30 - /index.php => http://gard/eshop/admin/
27-01-2015 06:00:52 - /index.php => http://gard/eshop/catalog.php
27-01-2015 06:01:17 - /index.php?id=about => http://gard/index.php
27-01-2015 06:01:26 - /index.php?id=contact => http://gard/index.php?id=about
27-01-2015 06:11:09 - /index.php => http://gard/eshop/admin/
27-01-2015 06:19:16 - /index.php => http://gard/test/index.php
27-01-2015 06:21:30 - /index.php => http://gard/eshop/catalog.php
27-01-2015 15:20:41 - / => 
27-01-2015 15:20:46 - /index.php?id=info => http://gard/
27-01-2015 15:20:50 - /index.php => http://gard/test/index.php
27-01-2015 15:20:52 - /index.php?id=contact => http://gard/index.php
27-01-2015 15:30:31 - /index.php => http://gard/eshop/catalog.php
27-01-2015 21:38:59 - / => 
27-01-2015 21:40:06 - /index.php?id=info => http://gard/
27-01-2015 21:40:25 - /index.php?id=about => http://gard/index.php?id=info
27-01-2015 21:40:27 - /index.php?id=contact => http://gard/index.php?id=about
27-01-2015 21:42:16 - /index.php => http://gard/eshop/admin/
28-01-2015 00:08:09 - / => 
28-01-2015 00:08:12 - /index.php?id=about => http://gard/
28-01-2015 00:08:13 - /index.php?id=contact => http://gard/index.php?id=about